# JRE version: OpenJDK Runtime Environment (8.0_242-b08) (build 1.8.0_242-8u242-b08-0ubuntu3~18.04-b08)
# Java VM: OpenJDK 64-Bit Server VM (25.242-b08 mixed mode linux-amd64 compressed oops)
Heap:
 PSYoungGen      total 405504K, used 11786K [0x00000000d6d80000, 0x00000000f1980000, 0x0000000100000000)
  eden space 393216K, 0% used [0x00000000d6d80000,0x00000000d6d80000,0x00000000eed80000)
  from space 12288K, 95% used [0x00000000eed80000,0x00000000ef902a28,0x00000000ef980000)
  to   space 22528K, 0% used [0x00000000f0380000,0x00000000f0380000,0x00000000f1980000)
 ParOldGen       total 120320K, used 38896K [0x0000000084800000, 0x000000008bd80000, 0x00000000d6d80000)
  object space 120320K, 32% used [0x0000000084800000,0x0000000086dfc228,0x000000008bd80000)
 Metaspace       used 69481K, capacity 72696K, committed 73000K, reserved 1112064K
  class space    used 9254K, capacity 9907K, committed 10032K, reserved 1048576K
GC Heap History (10 events):
Event: 704.152 GC heap after
Heap after GC invocations=14 (full 3):
 PSYoungGen      total 401408K, used 7955K [0x00000000d6d80000, 0x00000000f2000000, 0x0000000100000000)
  eden space 393216K, 0% used [0x00000000d6d80000,0x00000000d6d80000,0x00000000eed80000)
  from space 8192K, 97% used [0x00000000efc80000,0x00000000f0444cb8,0x00000000f0480000)
  to   space 25088K, 0% used [0x00000000f0780000,0x00000000f0780000,0x00000000f2000000)
 ParOldGen       total 120320K, used 35184K [0x0000000084800000, 0x000000008bd80000, 0x00000000d6d80000)
  object space 120320K, 29% used [0x0000000084800000,0x0000000086a5c320,0x000000008bd80000)
 Metaspace       used 68842K, capacity 71798K, committed 71976K, reserved 1112064K
  class space    used 9178K, capacity 9733K, committed 9776K, reserved 1048576K
}
Event: 704.152 GC heap before
{Heap before GC invocations=15 (full 4):
 PSYoungGen      total 401408K, used 7955K [0x00000000d6d80000, 0x00000000f2000000, 0x0000000100000000)
  eden space 393216K, 0% used [0x00000000d6d80000,0x00000000d6d80000,0x00000000eed80000)
  from space 8192K, 97% used [0x00000000efc80000,0x00000000f0444cb8,0x00000000f0480000)
  to   space 25088K, 0% used [0x00000000f0780000,0x00000000f0780000,0x00000000f2000000)
 ParOldGen       total 120320K, used 35184K [0x0000000084800000, 0x000000008bd80000, 0x00000000d6d80000)
  object space 120320K, 29% used [0x0000000084800000,0x0000000086a5c320,0x000000008bd80000)
 Metaspace       used 68842K, capacity 71798K, committed 71976K, reserved 1112064K
  class space    used 9178K, capacity 9733K, committed 9776K, reserved 1048576K
Event: 704.304 GC heap after
Heap after GC invocations=15 (full 4):
 PSYoungGen      total 401408K, used 0K [0x00000000d6d80000, 0x00000000f2000000, 0x0000000100000000)
  eden space 393216K, 0% used [0x00000000d6d80000,0x00000000d6d80000,0x00000000eed80000)
  from space 8192K, 0% used [0x00000000efc80000,0x00000000efc80000,0x00000000f0480000)
  to   space 25088K, 0% used [0x00000000f0780000,0x00000000f0780000,0x00000000f2000000)
 ParOldGen       total 120320K, used 33566K [0x0000000084800000, 0x000000008bd80000, 0x00000000d6d80000)
  object space 120320K, 27% used [0x0000000084800000,0x00000000868c7998,0x000000008bd80000)
 Metaspace       used 68840K, capacity 71792K, committed 71976K, reserved 1112064K
  class space    used 9178K, capacity 9732K, committed 9776K, reserved 1048576K
}
Event: 991.170 GC heap before
{Heap before GC invocations=16 (full 4):
 PSYoungGen      total 401408K, used 321982K [0x00000000d6d80000, 0x00000000f2000000, 0x0000000100000000)
  eden space 393216K, 81% used [0x00000000d6d80000,0x00000000ea7efa18,0x00000000eed80000)
  from space 8192K, 0% used [0x00000000efc80000,0x00000000efc80000,0x00000000f0480000)
  to   space 25088K, 0% used [0x00000000f0780000,0x00000000f0780000,0x00000000f2000000)
 ParOldGen       total 120320K, used 33566K [0x0000000084800000, 0x000000008bd80000, 0x00000000d6d80000)
  object space 120320K, 27% used [0x0000000084800000,0x00000000868c7998,0x000000008bd80000)
 Metaspace       used 69238K, capacity 72406K, committed 72616K, reserved 1112064K
  class space    used 9229K, capacity 9860K, committed 9904K, reserved 1048576K
Event: 991.180 GC heap after
Heap after GC invocations=16 (full 4):
 PSYoungGen      total 414720K, used 11881K [0x00000000d6d80000, 0x00000000f1c80000, 0x0000000100000000)
  eden space 393216K, 0% used [0x00000000d6d80000,0x00000000d6d80000,0x00000000eed80000)
  from space 21504K, 55% used [0x00000000f0780000,0x00000000f131a668,0x00000000f1c80000)
  to   space 24064K, 0% used [0x00000000eed80000,0x00000000eed80000,0x00000000f0500000)
 ParOldGen       total 120320K, used 33574K [0x0000000084800000, 0x000000008bd80000, 0x00000000d6d80000)
  object space 120320K, 27% used [0x0000000084800000,0x00000000868c9998,0x000000008bd80000)
 Metaspace       used 69238K, capacity 72406K, committed 72616K, reserved 1112064K
  class space    used 9229K, capacity 9860K, committed 9904K, reserved 1048576K
}
Event: 991.180 GC heap before
{Heap before GC invocations=17 (full 5):
 PSYoungGen      total 414720K, used 11881K [0x00000000d6d80000, 0x00000000f1c80000, 0x0000000100000000)
  eden space 393216K, 0% used [0x00000000d6d80000,0x00000000d6d80000,0x00000000eed80000)
  from space 21504K, 55% used [0x00000000f0780000,0x00000000f131a668,0x00000000f1c80000)
  to   space 24064K, 0% used [0x00000000eed80000,0x00000000eed80000,0x00000000f0500000)
 ParOldGen       total 120320K, used 33574K [0x0000000084800000, 0x000000008bd80000, 0x00000000d6d80000)
  object space 120320K, 27% used [0x0000000084800000,0x00000000868c9998,0x000000008bd80000)
 Metaspace       used 69238K, capacity 72406K, committed 72616K, reserved 1112064K
  class space    used 9229K, capacity 9860K, committed 9904K, reserved 1048576K
Event: 991.308 GC heap after
Heap after GC invocations=17 (full 5):
 PSYoungGen      total 414720K, used 0K [0x00000000d6d80000, 0x00000000f1c80000, 0x0000000100000000)
  eden space 393216K, 0% used [0x00000000d6d80000,0x00000000d6d80000,0x00000000eed80000)
  from space 21504K, 0% used [0x00000000f0780000,0x00000000f0780000,0x00000000f1c80000)
  to   space 24064K, 0% used [0x00000000eed80000,0x00000000eed80000,0x00000000f0500000)
 ParOldGen       total 120320K, used 38888K [0x0000000084800000, 0x000000008bd80000, 0x00000000d6d80000)
  object space 120320K, 32% used [0x0000000084800000,0x0000000086dfa228,0x000000008bd80000)
 Metaspace       used 69232K, capacity 72394K, committed 72616K, reserved 1112064K
  class space    used 9228K, capacity 9857K, committed 9904K, reserved 1048576K
}
Event: 1004.573 GC heap before
{Heap before GC invocations=18 (full 5):
 PSYoungGen      total 414720K, used 280645K [0x00000000d6d80000, 0x00000000f1c80000, 0x0000000100000000)
  eden space 393216K, 71% used [0x00000000d6d80000,0x00000000e7f91750,0x00000000eed80000)
  from space 21504K, 0% used [0x00000000f0780000,0x00000000f0780000,0x00000000f1c80000)
  to   space 24064K, 0% used [0x00000000eed80000,0x00000000eed80000,0x00000000f0500000)
 ParOldGen       total 120320K, used 38888K [0x0000000084800000, 0x000000008bd80000, 0x00000000d6d80000)
  object space 120320K, 32% used [0x0000000084800000,0x0000000086dfa228,0x000000008bd80000)
 Metaspace       used 69481K, capacity 72696K, committed 73000K, reserved 1112064K
  class space    used 9254K, capacity 9907K, committed 10032K, reserved 1048576K
Event: 1004.583 GC heap after
Heap after GC invocations=18 (full 5):
 PSYoungGen      total 405504K, used 11786K [0x00000000d6d80000, 0x00000000f1980000, 0x0000000100000000)
  eden space 393216K, 0% used [0x00000000d6d80000,0x00000000d6d80000,0x00000000eed80000)
  from space 12288K, 95% used [0x00000000eed80000,0x00000000ef902a28,0x00000000ef980000)
  to   space 22528K, 0% used [0x00000000f0380000,0x00000000f0380000,0x00000000f1980000)
 ParOldGen       total 120320K, used 38896K [0x0000000084800000, 0x000000008bd80000, 0x00000000d6d80000)
  object space 120320K, 32% used [0x0000000084800000,0x0000000086dfc228,0x000000008bd80000)
 Metaspace       used 69481K, capacity 72696K, committed 73000K, reserved 1112064K
  class space    used 9254K, capacity 9907K, committed 10032K, reserved 1048576K
}
Event: 1004.583 GC heap before
{Heap before GC invocations=19 (full 6):
 PSYoungGen      total 405504K, used 11786K [0x00000000d6d80000, 0x00000000f1980000, 0x0000000100000000)
  eden space 393216K, 0% used [0x00000000d6d80000,0x00000000d6d80000,0x00000000eed80000)
  from space 12288K, 95% used [0x00000000eed80000,0x00000000ef902a28,0x00000000ef980000)
  to   space 22528K, 0% used [0x00000000f0380000,0x00000000f0380000,0x00000000f1980000)
 ParOldGen       total 120320K, used 38896K [0x0000000084800000, 0x000000008bd80000, 0x00000000d6d80000)
  object space 120320K, 32% used [0x0000000084800000,0x0000000086dfc228,0x000000008bd80000)
 Metaspace       used 69481K, capacity 72696K, committed 73000K, reserved 1112064K
  class space    used 9254K, capacity 9907K, committed 10032K, reserved 1048576K

